<?xml version="1.0" encoding="UTF-8"?>
<!-- Generated by org.testng.reporters.JUnitXMLReporter -->
<testsuite ignored="1" hostname="DESKTOP-LHELV1T" failures="1" tests="1" name="Test(failed)(failed)" time="26.818" errors="0" timestamp="08 Jun 2021 23:15:35 GMT">
  <testcase classname="TestCases.Usermenudropdown" name="testCase06" time="18.293">
    <failure type="org.openqa.selenium.NoSuchFrameException" message="No frame element found by name or id contactInfoContentId
Build info: version: &amp;apos;3.141.59&amp;apos;, revision: &amp;apos;e82be7d358&amp;apos;, time: &amp;apos;2018-11-14T08:17:03&amp;apos;
System info: host: &amp;apos;DESKTOP-LHELV1T&amp;apos;, ip: &amp;apos;10.0.0.23&amp;apos;, os.name: &amp;apos;Windows 10&amp;apos;, os.arch: &amp;apos;amd64&amp;apos;, os.version: &amp;apos;10.0&amp;apos;, java.version: &amp;apos;15.0.1&amp;apos;
Driver info: driver.version: unknown">
      <![CDATA[org.openqa.selenium.NoSuchFrameException: No frame element found by name or id contactInfoContentId
Build info: version: '3.141.59', revision: 'e82be7d358', time: '2018-11-14T08:17:03'
System info: host: 'DESKTOP-LHELV1T', ip: '10.0.0.23', os.name: 'Windows 10', os.arch: 'amd64', os.version: '10.0', java.version: '15.0.1'
Driver info: driver.version: unknown
	at org.openqa.selenium.remote.RemoteWebDriver$RemoteTargetLocator.frame(RemoteWebDriver.java:885)
	at TestCases.Usermenudropdown.testCase06(Usermenudropdown.java:71)
... Removed 25 stack frames]]>
    </failure>
  </testcase> <!-- testCase06 -->
  <testcase classname="TestCases.Usermenudropdown" name="testCase05" time="0.0">
    <ignored/>
  </testcase> <!-- testCase05 -->
</testsuite> <!-- Test(failed)(failed) -->
